<?xml version="1.0" encoding="UTF-8"?>
<!-- Generated by org.testng.reporters.JUnitXMLReporter -->
<testsuite hostname="Laxmi" ignored="0" name="Command line test" tests="3" failures="1" timestamp="13 Jul 2017 20:25:30 GMT" time="12.712" errors="0">
  <testcase name="Click_On_Link" time="0.0" classname="com.maven.MavenTest">
    <failure type="org.testng.TestNGException" message="
Cannot inject @Test annotated Method [Click_On_Link] with [class java.lang.String].
For more information on native dependency injection please refer to http://testng.org/doc/documentation-main.html#native-dependency-injection">
      <![CDATA[org.testng.TestNGException: 
Cannot inject @Test annotated Method [Click_On_Link] with [class java.lang.String].
For more information on native dependency injection please refer to http://testng.org/doc/documentation-main.html#native-dependency-injection
... Removed 33 stack frames]]>
    </failure>
  </testcase> <!-- Click_On_Link -->
  <testcase name="TestBrowser" time="12.646" classname="com.maven.MavenTest"/>
  <testcase name="WindowHandlerForPages" time="0.026" classname="com.maven.MavenTest"/>
</testsuite> <!-- Command line test -->
