<?xml version="1.0" encoding="UTF-8"?>
<testng-results skipped="0" failed="0" ignored="0" total="1" passed="1">
  <reporter-output>
  </reporter-output>
  <suite name="com.maven.MavenTest" duration-ms="16672" started-at="2017-07-18T18:37:22Z" finished-at="2017-07-18T18:37:39Z">
    <groups>
    </groups>
    <test name="Command line test" duration-ms="16672" started-at="2017-07-18T18:37:22Z" finished-at="2017-07-18T18:37:39Z">
      <class name="com.maven.MavenTest">
        <test-method status="PASS" signature="TestBrowser()[pri:0, instance:com.maven.MavenTest@6b2fad11]" name="TestBrowser" duration-ms="16654" started-at="2017-07-18T13:37:22Z" finished-at="2017-07-18T13:37:39Z">
          <reporter-output>
          </reporter-output>
        </test-method> <!-- TestBrowser -->
      </class> <!-- com.maven.MavenTest -->
    </test> <!-- Command line test -->
  </suite> <!-- com.maven.MavenTest -->
</testng-results>
